[  4%] Built target dss_ros2_bridge__cpp
[  9%] Built target dss_ros2_bridge__rosidl_generator_c
[  9%] Built target ament_cmake_python_symlink_dss_ros2_bridge
[ 15%] Built target dss_ros2_bridge__rosidl_typesupport_introspection_c
[ 27%] Built target dss_ros2_bridge__rosidl_typesupport_fastrtps_c
[ 34%] Built target dss_ros2_bridge__rosidl_typesupport_fastrtps_cpp
[ 36%] Built target dss_ros2_bridge__rosidl_typesupport_cpp
[ 43%] Built target dss_ros2_bridge__rosidl_typesupport_c
[ 50%] Built target dss_ros2_bridge__rosidl_typesupport_introspection_cpp
[35m[1mConsolidate compiler generated dependencies of target DSSToROSIMUNode[0m
[ 50%] Built target dss_ros2_bridge
[ 59%] [32mBuilding CXX object CMakeFiles/DSSToROSImageNode.dir/src/DSSToROSImage.cpp.o[0m
[ 68%] Built target DSSDemoNode
[ 65%] Built target DSSToROSPointCloudNode
[ 70%] [32mBuilding CXX object CMakeFiles/DSSToROSIMUNode.dir/src/DSSToROSIMU.cpp.o[0m
[ 72%] Built target dss_ros2_bridge__py
[ 77%] Built target dss_ros2_bridge__rosidl_generator_py
[ 81%] Built target dss_ros2_bridge__rosidl_typesupport_introspection_c__pyext
[ 88%] Built target dss_ros2_bridge__rosidl_typesupport_fastrtps_c__pyext
[ 90%] Built target dss_ros2_bridge__rosidl_typesupport_c__pyext
running egg_info
writing dss_ros2_bridge.egg-info/PKG-INFO
writing dependency_links to dss_ros2_bridge.egg-info/dependency_links.txt
writing top-level names to dss_ros2_bridge.egg-info/top_level.txt
reading manifest file 'dss_ros2_bridge.egg-info/SOURCES.txt'
writing manifest file 'dss_ros2_bridge.egg-info/SOURCES.txt'
[ 90%] Built target ament_cmake_python_build_dss_ros2_bridge_egg
[01m[K/home/dss/dss/dss_ros2_bridge/dss_ros2_bridge/src/DSSToROSImage.cpp:[m[K In constructor â€˜[01m[KDSSToROSImageNode::DSSToROSImageNode()[m[Kâ€™:
[01m[K/home/dss/dss/dss_ros2_bridge/dss_ros2_bridge/src/DSSToROSImage.cpp:121:32:[m[K [01;31m[Kerror: [m[Kâ€˜[01m[KkDssImage[m[Kâ€™ is not a member of â€˜[01m[Kcfg[m[Kâ€™
  121 |         subscribeTopicRaw(cfg::[01;31m[KkDssImage[m[K,
      |                                [01;31m[K^~~~~~~~~[m[K
gmake[2]: *** [CMakeFiles/DSSToROSImageNode.dir/build.make:76: CMakeFiles/DSSToROSImageNode.dir/src/DSSToROSImage.cpp.o] Error 1
gmake[1]: *** [CMakeFiles/Makefile2:599: CMakeFiles/DSSToROSImageNode.dir/all] Error 2
gmake[1]: *** Waiting for unfinished jobs....
[ 93%] [32m[1mLinking CXX executable DSSToROSIMUNode[0m
[ 95%] Built target DSSToROSIMUNode
gmake: *** [Makefile:146: all] Error 2
