[0.015s] Invoking command in '/home/dss/dss/dss_ros2_bridge/build/dss_ros2_bridge': CMAKE_PREFIX_PATH=${CMAKE_PREFIX_PATH}:/opt/ros/humble /usr/bin/cmake --build /home/dss/dss/dss_ros2_bridge/build/dss_ros2_bridge -- -j32 -l32
[0.100s] [  4%] Built target dss_ros2_bridge__cpp
[0.100s] [  9%] Built target dss_ros2_bridge__rosidl_generator_c
[0.109s] [  9%] Built target ament_cmake_python_symlink_dss_ros2_bridge
[0.119s] [ 15%] Built target dss_ros2_bridge__rosidl_typesupport_introspection_c
[0.119s] [ 27%] Built target dss_ros2_bridge__rosidl_typesupport_fastrtps_c
[0.119s] [ 34%] Built target dss_ros2_bridge__rosidl_typesupport_fastrtps_cpp
[0.119s] [ 36%] Built target dss_ros2_bridge__rosidl_typesupport_cpp
[0.120s] [ 43%] Built target dss_ros2_bridge__rosidl_typesupport_c
[0.120s] [ 50%] Built target dss_ros2_bridge__rosidl_typesupport_introspection_cpp
[0.133s] [35m[1mConsolidate compiler generated dependencies of target DSSToROSIMUNode[0m
[0.139s] [ 50%] Built target dss_ros2_bridge
[0.145s] [ 59%] [32mBuilding CXX object CMakeFiles/DSSToROSImageNode.dir/src/DSSToROSImage.cpp.o[0m
[0.145s] [ 68%] Built target DSSDemoNode
[0.145s] [ 65%] Built target DSSToROSPointCloudNode
[0.153s] [ 70%] [32mBuilding CXX object CMakeFiles/DSSToROSIMUNode.dir/src/DSSToROSIMU.cpp.o[0m
[0.159s] [ 72%] Built target dss_ros2_bridge__py
[0.182s] [ 77%] Built target dss_ros2_bridge__rosidl_generator_py
[0.204s] [ 81%] Built target dss_ros2_bridge__rosidl_typesupport_introspection_c__pyext
[0.204s] [ 88%] Built target dss_ros2_bridge__rosidl_typesupport_fastrtps_c__pyext
[0.204s] [ 90%] Built target dss_ros2_bridge__rosidl_typesupport_c__pyext
[0.251s] running egg_info
[0.251s] writing dss_ros2_bridge.egg-info/PKG-INFO
[0.252s] writing dependency_links to dss_ros2_bridge.egg-info/dependency_links.txt
[0.252s] writing top-level names to dss_ros2_bridge.egg-info/top_level.txt
[0.255s] reading manifest file 'dss_ros2_bridge.egg-info/SOURCES.txt'
[0.255s] writing manifest file 'dss_ros2_bridge.egg-info/SOURCES.txt'
[0.281s] [ 90%] Built target ament_cmake_python_build_dss_ros2_bridge_egg
[3.111s] [01m[K/home/dss/dss/dss_ros2_bridge/dss_ros2_bridge/src/DSSToROSImage.cpp:[m[K In constructor â€˜[01m[KDSSToROSImageNode::DSSToROSImageNode()[m[Kâ€™:
[3.111s] [01m[K/home/dss/dss/dss_ros2_bridge/dss_ros2_bridge/src/DSSToROSImage.cpp:121:32:[m[K [01;31m[Kerror: [m[Kâ€˜[01m[KkDssImage[m[Kâ€™ is not a member of â€˜[01m[Kcfg[m[Kâ€™
[3.111s]   121 |         subscribeTopicRaw(cfg::[01;31m[KkDssImage[m[K,
[3.111s]       |                                [01;31m[K^~~~~~~~~[m[K
[4.883s] gmake[2]: *** [CMakeFiles/DSSToROSImageNode.dir/build.make:76: CMakeFiles/DSSToROSImageNode.dir/src/DSSToROSImage.cpp.o] Error 1
[4.883s] gmake[1]: *** [CMakeFiles/Makefile2:599: CMakeFiles/DSSToROSImageNode.dir/all] Error 2
[4.883s] gmake[1]: *** Waiting for unfinished jobs....
[5.979s] [ 93%] [32m[1mLinking CXX executable DSSToROSIMUNode[0m
[6.430s] [ 95%] Built target DSSToROSIMUNode
[6.431s] gmake: *** [Makefile:146: all] Error 2
[6.434s] Invoked command in '/home/dss/dss/dss_ros2_bridge/build/dss_ros2_bridge' returned '2': CMAKE_PREFIX_PATH=${CMAKE_PREFIX_PATH}:/opt/ros/humble /usr/bin/cmake --build /home/dss/dss/dss_ros2_bridge/build/dss_ros2_bridge -- -j32 -l32
