[  4%] Built target dss_ros2_bridge__cpp
[  9%] Built target dss_ros2_bridge__rosidl_generator_c
[  9%] Built target ament_cmake_python_symlink_dss_ros2_bridge
[ 15%] Built target dss_ros2_bridge__rosidl_typesupport_c
[ 29%] Built target dss_ros2_bridge__rosidl_typesupport_fastrtps_cpp
[ 29%] Built target dss_ros2_bridge__rosidl_typesupport_fastrtps_c
[ 43%] Built target dss_ros2_bridge__rosidl_typesupport_introspection_cpp
[ 40%] Built target dss_ros2_bridge__rosidl_typesupport_introspection_c
[ 50%] Built target dss_ros2_bridge__rosidl_typesupport_cpp
[35m[1mConsolidate compiler generated dependencies of target DSSToROSImageNode[0m
[ 50%] Built target dss_ros2_bridge
[ 56%] Built target DSSToROSIMUNode
[ 63%] Built target DSSToROSPointCloudNode
[ 72%] Built target DSSDemoNode
[ 75%] [32mBuilding CXX object CMakeFiles/DSSToROSImageNode.dir/src/DSSToROSImage.cpp.o[0m
[ 77%] Built target dss_ros2_bridge__py
[ 81%] Built target dss_ros2_bridge__rosidl_generator_py
[ 95%] Built target dss_ros2_bridge__rosidl_typesupport_c__pyext
[ 95%] Built target dss_ros2_bridge__rosidl_typesupport_introspection_c__pyext
[ 95%] Built target dss_ros2_bridge__rosidl_typesupport_fastrtps_c__pyext
running egg_info
writing dss_ros2_bridge.egg-info/PKG-INFO
writing dependency_links to dss_ros2_bridge.egg-info/dependency_links.txt
writing top-level names to dss_ros2_bridge.egg-info/top_level.txt
reading manifest file 'dss_ros2_bridge.egg-info/SOURCES.txt'
writing manifest file 'dss_ros2_bridge.egg-info/SOURCES.txt'
[ 95%] Built target ament_cmake_python_build_dss_ros2_bridge_egg
In file included from [01m[K/opt/ros/humble/include/rclcpp/rclcpp/logging.hpp:24[m[K,
                 from [01m[K/opt/ros/humble/include/rclcpp/rclcpp/client.hpp:40[m[K,
                 from [01m[K/opt/ros/humble/include/rclcpp/rclcpp/callback_group.hpp:24[m[K,
                 from [01m[K/opt/ros/humble/include/rclcpp/rclcpp/any_executable.hpp:20[m[K,
                 from [01m[K/opt/ros/humble/include/rclcpp/rclcpp/memory_strategy.hpp:25[m[K,
                 from [01m[K/opt/ros/humble/include/rclcpp/rclcpp/memory_strategies.hpp:18[m[K,
                 from [01m[K/opt/ros/humble/include/rclcpp/rclcpp/executor_options.hpp:20[m[K,
                 from [01m[K/opt/ros/humble/include/rclcpp/rclcpp/executor.hpp:37[m[K,
                 from [01m[K/opt/ros/humble/include/rclcpp/rclcpp/executors/multi_threaded_executor.hpp:25[m[K,
                 from [01m[K/opt/ros/humble/include/rclcpp/rclcpp/executors.hpp:21[m[K,
                 from [01m[K/opt/ros/humble/include/rclcpp/rclcpp/rclcpp.hpp:155[m[K,
                 from [01m[K/home/dss/dss/dss_ros2_bridge/dss_ros2_bridge/src/DSSToROSImage.cpp:1[m[K:
[01m[K/home/dss/dss/dss_ros2_bridge/dss_ros2_bridge/src/DSSToROSImage.cpp:[m[K In constructor â€˜[01m[KDSSToROSImageNode::DSSToROSImageNode()[m[Kâ€™:
[01m[K/home/dss/dss/dss_ros2_bridge/dss_ros2_bridge/src/DSSToROSImage.cpp:107:71:[m[K [01;31m[Kerror: [m[Kcannot convert â€˜[01m[Kstd::__cxx11::basic_string<char>[m[Kâ€™ to â€˜[01m[Kconst char*[m[Kâ€™
  107 |         RCLCPP_INFO(get_logger(), [01;31m[Kthis->declare_parameter<std::string>("nats_server")[m[K);
      |                                   [01;31m[K~~~~~~~~~~~~~~~~~~~~~~~~~~~~~~~~~~~~^~~~~~~~~~~~~~~[m[K
      |                                                                       [01;31m[K|[m[K
      |                                                                       [01;31m[Kstd::__cxx11::basic_string<char>[m[K
In file included from [01m[K/opt/ros/humble/include/rmw/rmw/types.h:28[m[K,
                 from [01m[K/opt/ros/humble/include/rcl/rcl/types.h:20[m[K,
                 from [01m[K/opt/ros/humble/include/rcl/rcl/log_level.h:22[m[K,
                 from [01m[K/opt/ros/humble/include/rcl/rcl/arguments.h:21[m[K,
                 from [01m[K/opt/ros/humble/include/rcl/rcl/context.h:28[m[K,
                 from [01m[K/opt/ros/humble/include/rcl/rcl/guard_condition.h:26[m[K,
                 from [01m[K/opt/ros/humble/include/rclcpp/rclcpp/executor.hpp:30[m[K,
                 from [01m[K/opt/ros/humble/include/rclcpp/rclcpp/executors/multi_threaded_executor.hpp:25[m[K,
                 from [01m[K/opt/ros/humble/include/rclcpp/rclcpp/executors.hpp:21[m[K,
                 from [01m[K/opt/ros/humble/include/rclcpp/rclcpp/rclcpp.hpp:155[m[K,
                 from [01m[K/home/dss/dss/dss_ros2_bridge/dss_ros2_bridge/src/DSSToROSImage.cpp:1[m[K:
[01m[K/opt/ros/humble/include/rcutils/rcutils/logging.h:479:16:[m[K [01;36m[Knote: [m[K  initializing argument 4 of â€˜[01m[Kvoid rcutils_log(const rcutils_log_location_t*, int, const char*, const char*, ...)[m[Kâ€™
  479 |   [01;36m[Kconst char * format[m[K,
      |   [01;36m[K~~~~~~~~~~~~~^~~~~~[m[K
gmake[2]: *** [CMakeFiles/DSSToROSImageNode.dir/build.make:76: CMakeFiles/DSSToROSImageNode.dir/src/DSSToROSImage.cpp.o] Error 1
gmake[1]: *** [CMakeFiles/Makefile2:599: CMakeFiles/DSSToROSImageNode.dir/all] Error 2
gmake: *** [Makefile:146: all] Error 2
