[0.010s] Invoking command in '/home/dss/dss/dss_ros2_bridge/build/dss_ros2_bridge': CMAKE_PREFIX_PATH=${CMAKE_PREFIX_PATH}:/opt/ros/humble /usr/bin/cmake --build /home/dss/dss/dss_ros2_bridge/build/dss_ros2_bridge -- -j32 -l32
[0.054s] [  4%] Built target dss_ros2_bridge__cpp
[0.054s] [  9%] Built target dss_ros2_bridge__rosidl_generator_c
[0.063s] [  9%] Built target ament_cmake_python_symlink_dss_ros2_bridge
[0.072s] [ 15%] Built target dss_ros2_bridge__rosidl_typesupport_c
[0.073s] [ 29%] Built target dss_ros2_bridge__rosidl_typesupport_fastrtps_cpp
[0.073s] [ 29%] Built target dss_ros2_bridge__rosidl_typesupport_fastrtps_c
[0.074s] [ 43%] Built target dss_ros2_bridge__rosidl_typesupport_introspection_cpp
[0.074s] [ 40%] Built target dss_ros2_bridge__rosidl_typesupport_introspection_c
[0.082s] [ 50%] Built target dss_ros2_bridge__rosidl_typesupport_cpp
[0.093s] [35m[1mConsolidate compiler generated dependencies of target DSSToROSImageNode[0m
[0.101s] [ 50%] Built target dss_ros2_bridge
[0.106s] [ 56%] Built target DSSToROSIMUNode
[0.106s] [ 63%] Built target DSSToROSPointCloudNode
[0.108s] [ 72%] Built target DSSDemoNode
[0.112s] [ 75%] [32mBuilding CXX object CMakeFiles/DSSToROSImageNode.dir/src/DSSToROSImage.cpp.o[0m
[0.119s] [ 77%] Built target dss_ros2_bridge__py
[0.139s] [ 81%] Built target dss_ros2_bridge__rosidl_generator_py
[0.158s] [ 95%] Built target dss_ros2_bridge__rosidl_typesupport_c__pyext
[0.158s] [ 95%] Built target dss_ros2_bridge__rosidl_typesupport_introspection_c__pyext
[0.158s] [ 95%] Built target dss_ros2_bridge__rosidl_typesupport_fastrtps_c__pyext
[0.196s] running egg_info
[0.196s] writing dss_ros2_bridge.egg-info/PKG-INFO
[0.196s] writing dependency_links to dss_ros2_bridge.egg-info/dependency_links.txt
[0.196s] writing top-level names to dss_ros2_bridge.egg-info/top_level.txt
[0.198s] reading manifest file 'dss_ros2_bridge.egg-info/SOURCES.txt'
[0.198s] writing manifest file 'dss_ros2_bridge.egg-info/SOURCES.txt'
[0.220s] [ 95%] Built target ament_cmake_python_build_dss_ros2_bridge_egg
[2.833s] In file included from [01m[K/opt/ros/humble/include/rclcpp/rclcpp/logging.hpp:24[m[K,
[2.833s]                  from [01m[K/opt/ros/humble/include/rclcpp/rclcpp/client.hpp:40[m[K,
[2.834s]                  from [01m[K/opt/ros/humble/include/rclcpp/rclcpp/callback_group.hpp:24[m[K,
[2.834s]                  from [01m[K/opt/ros/humble/include/rclcpp/rclcpp/any_executable.hpp:20[m[K,
[2.834s]                  from [01m[K/opt/ros/humble/include/rclcpp/rclcpp/memory_strategy.hpp:25[m[K,
[2.834s]                  from [01m[K/opt/ros/humble/include/rclcpp/rclcpp/memory_strategies.hpp:18[m[K,
[2.834s]                  from [01m[K/opt/ros/humble/include/rclcpp/rclcpp/executor_options.hpp:20[m[K,
[2.834s]                  from [01m[K/opt/ros/humble/include/rclcpp/rclcpp/executor.hpp:37[m[K,
[2.834s]                  from [01m[K/opt/ros/humble/include/rclcpp/rclcpp/executors/multi_threaded_executor.hpp:25[m[K,
[2.834s]                  from [01m[K/opt/ros/humble/include/rclcpp/rclcpp/executors.hpp:21[m[K,
[2.834s]                  from [01m[K/opt/ros/humble/include/rclcpp/rclcpp/rclcpp.hpp:155[m[K,
[2.834s]                  from [01m[K/home/dss/dss/dss_ros2_bridge/dss_ros2_bridge/src/DSSToROSImage.cpp:1[m[K:
[2.834s] [01m[K/home/dss/dss/dss_ros2_bridge/dss_ros2_bridge/src/DSSToROSImage.cpp:[m[K In constructor â€˜[01m[KDSSToROSImageNode::DSSToROSImageNode()[m[Kâ€™:
[2.834s] [01m[K/home/dss/dss/dss_ros2_bridge/dss_ros2_bridge/src/DSSToROSImage.cpp:107:71:[m[K [01;31m[Kerror: [m[Kcannot convert â€˜[01m[Kstd::__cxx11::basic_string<char>[m[Kâ€™ to â€˜[01m[Kconst char*[m[Kâ€™
[2.834s]   107 |         RCLCPP_INFO(get_logger(), [01;31m[Kthis->declare_parameter<std::string>("nats_server")[m[K);
[2.834s]       |                                   [01;31m[K~~~~~~~~~~~~~~~~~~~~~~~~~~~~~~~~~~~~^~~~~~~~~~~~~~~[m[K
[2.834s]       |                                                                       [01;31m[K|[m[K
[2.834s]       |                                                                       [01;31m[Kstd::__cxx11::basic_string<char>[m[K
[2.834s] In file included from [01m[K/opt/ros/humble/include/rmw/rmw/types.h:28[m[K,
[2.834s]                  from [01m[K/opt/ros/humble/include/rcl/rcl/types.h:20[m[K,
[2.834s]                  from [01m[K/opt/ros/humble/include/rcl/rcl/log_level.h:22[m[K,
[2.834s]                  from [01m[K/opt/ros/humble/include/rcl/rcl/arguments.h:21[m[K,
[2.834s]                  from [01m[K/opt/ros/humble/include/rcl/rcl/context.h:28[m[K,
[2.834s]                  from [01m[K/opt/ros/humble/include/rcl/rcl/guard_condition.h:26[m[K,
[2.834s]                  from [01m[K/opt/ros/humble/include/rclcpp/rclcpp/executor.hpp:30[m[K,
[2.834s]                  from [01m[K/opt/ros/humble/include/rclcpp/rclcpp/executors/multi_threaded_executor.hpp:25[m[K,
[2.834s]                  from [01m[K/opt/ros/humble/include/rclcpp/rclcpp/executors.hpp:21[m[K,
[2.834s]                  from [01m[K/opt/ros/humble/include/rclcpp/rclcpp/rclcpp.hpp:155[m[K,
[2.834s]                  from [01m[K/home/dss/dss/dss_ros2_bridge/dss_ros2_bridge/src/DSSToROSImage.cpp:1[m[K:
[2.834s] [01m[K/opt/ros/humble/include/rcutils/rcutils/logging.h:479:16:[m[K [01;36m[Knote: [m[K  initializing argument 4 of â€˜[01m[Kvoid rcutils_log(const rcutils_log_location_t*, int, const char*, const char*, ...)[m[Kâ€™
[2.834s]   479 |   [01;36m[Kconst char * format[m[K,
[2.835s]       |   [01;36m[K~~~~~~~~~~~~~^~~~~~[m[K
[4.563s] gmake[2]: *** [CMakeFiles/DSSToROSImageNode.dir/build.make:76: CMakeFiles/DSSToROSImageNode.dir/src/DSSToROSImage.cpp.o] Error 1
[4.563s] gmake[1]: *** [CMakeFiles/Makefile2:599: CMakeFiles/DSSToROSImageNode.dir/all] Error 2
[4.563s] gmake: *** [Makefile:146: all] Error 2
[4.566s] Invoked command in '/home/dss/dss/dss_ros2_bridge/build/dss_ros2_bridge' returned '2': CMAKE_PREFIX_PATH=${CMAKE_PREFIX_PATH}:/opt/ros/humble /usr/bin/cmake --build /home/dss/dss/dss_ros2_bridge/build/dss_ros2_bridge -- -j32 -l32
