[  6%] Built target dss_ros2_bridge__cpp
[  9%] Built target dss_ros2_bridge__rosidl_generator_c
[  9%] Built target ament_cmake_python_symlink_dss_ros2_bridge
[ 22%] Built target dss_ros2_bridge__rosidl_typesupport_fastrtps_cpp
[ 22%] Built target dss_ros2_bridge__rosidl_typesupport_c
[ 36%] Built target dss_ros2_bridge__rosidl_typesupport_introspection_c
[ 36%] Built target dss_ros2_bridge__rosidl_typesupport_fastrtps_c
[ 50%] Built target dss_ros2_bridge__rosidl_typesupport_introspection_cpp
[ 50%] Built target dss_ros2_bridge__rosidl_typesupport_cpp
[35m[1mConsolidate compiler generated dependencies of target DSSToROSPointCloudNode[0m
[35m[1mConsolidate compiler generated dependencies of target DSSToROSImageNode[0m
[ 50%] Built target dss_ros2_bridge
[ 61%] Built target DSSDemoNode
[ 61%] [32mBuilding CXX object CMakeFiles/DSSToROSIMUNode.dir/src/DSSToROSIMU.cpp.o[0m
[ 65%] [32mBuilding CXX object CMakeFiles/DSSToROSPointCloudNode.dir/src/DSSToROSPointCloud.cpp.o[0m
[ 70%] Built target DSSToROSImageNode
[ 72%] Built target dss_ros2_bridge__py
[ 77%] Built target dss_ros2_bridge__rosidl_generator_py
[ 81%] Built target dss_ros2_bridge__rosidl_typesupport_c__pyext
[ 90%] Built target dss_ros2_bridge__rosidl_typesupport_introspection_c__pyext
[ 90%] Built target dss_ros2_bridge__rosidl_typesupport_fastrtps_c__pyext
running egg_info
writing dss_ros2_bridge.egg-info/PKG-INFO
writing dependency_links to dss_ros2_bridge.egg-info/dependency_links.txt
writing top-level names to dss_ros2_bridge.egg-info/top_level.txt
reading manifest file 'dss_ros2_bridge.egg-info/SOURCES.txt'
writing manifest file 'dss_ros2_bridge.egg-info/SOURCES.txt'
[ 90%] Built target ament_cmake_python_build_dss_ros2_bridge_egg
[01m[K/home/dss/dss/dss_ros2_bridge/dss_ros2_bridge/src/DSSToROSPointCloud.cpp:[m[K In constructor â€˜[01m[KDSSToROSPointCloudNode::DSSToROSPointCloudNode()[m[Kâ€™:
[01m[K/home/dss/dss/dss_ros2_bridge/dss_ros2_bridge/src/DSSToROSPointCloud.cpp:200:32:[m[K [01;31m[Kerror: [m[Kâ€˜[01m[KkDssLidar[m[Kâ€™ is not a member of â€˜[01m[Kcfg[m[Kâ€™
  200 |         subscribeTopicRaw(cfg::[01;31m[KkDssLidar[m[K,
      |                                [01;31m[K^~~~~~~~~[m[K
gmake[2]: *** [CMakeFiles/DSSToROSPointCloudNode.dir/build.make:76: CMakeFiles/DSSToROSPointCloudNode.dir/src/DSSToROSPointCloud.cpp.o] Error 1
gmake[1]: *** [CMakeFiles/Makefile2:626: CMakeFiles/DSSToROSPointCloudNode.dir/all] Error 2
gmake[1]: *** Waiting for unfinished jobs....
[ 93%] [32m[1mLinking CXX executable DSSToROSIMUNode[0m
[ 95%] Built target DSSToROSIMUNode
gmake: *** [Makefile:146: all] Error 2
